500
0 1185 6850 1156 4997 166 5863 2055 169 6346 2600 590 2990 9007 4404 6389 9911 956 5437 319
1 4194 8323 6338 7883 717 9617 5681 3155 342 7644
2 480 7843 5955 3782 4139 7820 5117 6001 4438 797
3 1376 2821 8231 1514 8235 7116 9999 7314 2099 7352 2556
4 5415 7913 5932 527 3666 3766 6678 604 7358 4543
5 4704 3457 7074 3816 6120 9197 334 1717 726 8956
6 4032 2948 5518 3952 2099 9428 1781 7699 665 506
7 4962 3843 3268 3108 8167 7530 1964 6639 1593 9873 2194 3763 6613 6520 8889 3482 5435 8925 2206
8 321 3939 4999 9371 4205 3534 399 3885 8716 4724 2555 472 9915
9 608 6501 1253 3494 3982 4273 6802 2835 4023 3838
10 7776 5379 7270 6698 1774 2576 3441 6674 176 6258 3701 2997 6775 9304 9178
11 3328 1218 5154 6692 5957 3848 7274 7851 6893 6413 5715 3796 4180 8122 5852
12 3392 5125 797 3146 3005 2288 6993 2962 7028 1117 5783 2813 7582 3647
13 6170 2501 8070 2503 5671 7433 8587 1453 8207 9075 3476 9972 6329 4602 2555 5758
14 1799 5771 13 9357 5519 6415 7057 7699 8598 5662 3104 1953 3876 683 9008 6578 8756 5177 5818 6331 5052 4541 1598 447 3265 6470 7880 9293 7120 2513 4056 5857 2146 4326 3047 2537 9451 3950 4719 2673 5239 4985 2943
15 5316 6596 1895 8617 6314 2058 5966 5680 6547 1400 2234 411 2749
16 7552 6307 1126 2439 6504 9427 1171 1012 3894 569 6714 9533
17 6339 8740 123 7150 5775 9007 7768 5083 2556 2334
18 896 3970 2052 132 7049 5129 2954 6672 1043 148 1941 2326 4377 3226 420 5163 8109 7604 9013 7477 311 3256 7732 2491 1984 6469 5445 9160 9545 8904 205 8270 7120 2768 9169 8145 208 2264 1498 2910 9444 9191 9449 2028 9970 9846 5755 4988 9341 254
19 2912 929 261 6056 6352 1650 9139 2164 2962 6969 2682 2622
20 5219 4806 4489 7658 4378 9011 5562 6108 3293
21 4352 4390 5561 3660 9484 8592 3216 1329 9968 9817 6106
22 290 8069 9929 1002 5002 5518 569 9690 9533 9437
23 2 1027 8644 9033 2026 7501 2478 6548 9175 6584 7834 1951
24 4000 7522 5219 2372 3364 9159 5961 425 3755 7851 9774 6518 3737 9244
25 2239 9093 1127 9321 7120 4756 5748 5078 7002 6397 191
26 7426 2690 6915 7304 2569 4619 2318 3982 7569 9107 3095 8604 3486 7206 683 5038 7604 437 1216 9281 6978 3575 7749 4679 5064 5448 1356 3021 8145 4946 1619 5846 6639 8431 1524 7670 3703 1658 6139 3454 3199
27 5056 7652 1864 8716 845 5933 1999 4592 2878 79 6132 2423 5278
28 513 4612 5002 7949 2062 2205 1822 5151 7203 4397 55 2114 9798 1223 6354 5331 8279 6113 3049 1907 8566 6137 2685 2558
29 321 6788 8069 5608 684 4685 79 9968 6929 6866 6962 2836
30 1091 7429 1832 5834 4525 7985 9076 5396 6646 1209 9981 6719
31 6948 6629 840 5675 620 7468 9453 4153 412
32 7777 194 2594 451 7781 65 7560 8713 6506 6191 6416 5041 7631 4787 3700 9842 3926
33 2176 7936 2817 4230 3463 648 5132 269 9485 8973 6672 3222 5655 7833 4636 7456 1572 8231 3243 6445 4526 2223 4400 6320 2486 5821 3901 4798 1858 5318 3528 7369 850 4948 9565 4450 9829 2413 5104 2288 6771 9720 8958 2943
34 480 1504 6530 7970 8391 1960 5901 2926 1839 4143 8336 1010 1267 7956 719 4216 5373 6367
35 9062 4072 2731 9804 3275 6258 9150 6199 9369 2493 3838 4575
36 8678 4294 935 6156 7920 5620 6934 2331 732 7357 4830
37 9158 8592 9232 6196 5845 7317 6293 3894 9595 1758 8478
38 1603 1669 2534 5647 7986 5365 9013 9399 6613 8603 3133 6875
39 3203 5636 8069 4870 4232 777 1931 2446 4879 6030 2449 9623 1305 8348 7199 9120 1702 2342 935 7210 4909 8880 4786 2486 1978 6465 7163 7880 3657 8015 2005 4844 1133 5997 6258 6899 7029 6134 8183 2038 5110 3707
40 8963 599 6247 7560 9641 5895 9545 6900 1623 2233 316
41 4295 9263 5423 5327 9008 7699 7927 571 9052 8734 6079
42 8933 8102 7432 2920 8013 3838 7375 239 9840 2288 9171 5209 9178 6334
43 5440 6624 4352 5094 4838 712 9422 9710 432 6065 4533 8793
44 8419 3012 8134 9063 2761 9130 2829 3315 5428 9976 1466 5694 9023
45 9602 2 9741 6672 1555 4245 8985 5401 1950 1572 7333 6696 3113 7978 7856 311 9276 5053 3262 705 4803 7880 5962 9805 3792 2256 8535 8920 1375 8290 867 7525 5992 9834 4842 7537 2294 5112 2426 6652 6143
46 2017 1218 2978 2885 9159 1930 5743 6448 6257 1106 5907 4244 9173 5110 7859 9842 5082 8286 7454
47 7585 7266 9251 4452 8390 166 3144 1514 8011 9748 3540
48 8994 7652 2405 5637 1573 709 2669 9076 9525 3996 5757
49 9762 3074 6244 134 5382 4743 7782 7883 494 6417 6225 2707 5653 4278 1275
50 6944 321 8226 6247 4172 8271 7732 6040 7196 510
51 3203 7044 6280 141 8462 1295 1939 8220 3870 6687 4129 673 3876 4645 5546 9003 1454 2736 177 8498 3380 7604 7485 4414 7233 450 1219 6855 9684 1365 9302 2647 6744 7902 3051 3950 6897 7922 5362 4214 6778 6652 4222
52 480 2529 8192 7557 6798 1038 4528 4305 3758 1304 6105
53 3392 6499 6278 4041 3499 812 1902 3541 7382 6814
54 8224 4899 8227 8774 9225 2347 3921 8438 4030
55 1698 4329 2922 745 7151 6865 3445 5781 6200 4409 2428 5918
56 1088 4001 323 3300 8451 777 6030 3536 1046 6142
57 704 8994 6339 3074 1191 2826 2540 525 9007 209 3058 3894 4190
58 2240 1442 7014 1927 935 6634 4170 9774 6606 1489 2834 6161 4181
59 4544 2 7590 8488 1675 7629 9679 8527 3472 22 3190 4632 5721 9852 8447
60 9445 3144 8809 7532 4655 7025 4150 315 5309 9151
61 8960 8193 1475 4933 7207 8715 6381 4978 2487 6876 8831
62 2240 1414 8009 2602 4747 5994 5524 1749 1146 3898
63 257 3111 5162 491 5422 9838 79 9009 370 2330 4766
64 448 577 5762 2055 9544 4199 9325 8693 7573 8758 7704 9977 9462 4732 6909 1535
65 2049 9570 73 6670 7438 1652 2357 2943 3640 1468 3486 7807
66 7840 4006 6822 4040 1799 9545 3627 7659 4080 8529 6258 6745 9885
67 5476 2216 8587 1228 9229 4334 4592 1618 7699 6453 1016
68 3040 6433 9000 9227 6157 7503 532 857 57 2524
69 6528 4352 762 5958 2985 427 7949 111 1200 9651 3990 9882 3325
70 3584 9346 5763 1774 7345 85 9881 4155 1885 702 863
71 1984 6788 3780 4218 9839 9908 4693 4023 986 1309
72 3521 3266 5929 240 9936 3859 980 4339 4344 1435
73 9280 9121 8387 1450 749 7694 52 8153 8442 9695
74 9184 9923 4166 8710 7782 1289 6030 6096 5235 5715 3480 3037
75 9569 6276 4616 4876 9102 3982 48 9745 3188 9845 3446 7001 2174
76 6722 1575 7207 1677 5869 1774 5107 9402 2365 7838
77 1344 6021 2857 9199 79 849 4850 8244 1108 6038 6263 412 9661
78 9505 3012 5349 9030 5447 2024 4841 2599 1805 8719 52 3381 2811 8959
79 4961 3074 5126 6216 3529 5261 4751 4656 9361 9974
80 9089 4356 7 5772 2060 5401 4378 5802 5547 5548 9259 4784 4400 1081 6587 5948 7485 2237 4924 8649 3790 5584 2897 3539 5846 4698 2013 993 225 7395 9576 3432 365 9712 6898 883 8060
81 6179 7942 6918 3785 3602 7700 8661 219 316 318
82 8994 806 935 1803 8715 5133 9297 3410 2067 2364
83 1217 2018 4481 7652 3461 7141 295 4489 5962 7927 3389 4158
84 9858 780 4241 1042 4755 2962 2327 7456 7970 6691 2340 6949 935 7852 6701 6062 3119 4021 6327 8248 1081 6330 1852 1343 5448 1353 5962 7883 979 9301 9688 8539 6492 4699 9563 8418 9957 5609 2670 4079 496 252 7668 2298 3963 8188 3965
85 3686 8454 5736 4813 8242 690 1972 9659 979 3514 8955 4285 6271
86 3074 8419 5412 7207 4904 6217 3177 1804 9484 2030 6030 6547 5371
87 5187 3398 427 6542 4435 7540 6904 636 5918
88 6980 1348 9831 1549 9842 2523 9303 6106 3419 189 9855
89 7296 3586 774 2439 8462 7950 5391 8081 145 2704 1940 1557 4886 8342 1685 5917 6306 6178 2340 6054 8614 3240 9385 5418 560 5810 307 2486 8125 7744 1728 838 9031 2247 966 9162 847 2897 4824 5211 9436 6883 1125 9831 7659 5997 3053 7791 5232 5111 9852
90 9953 4897 6694 9478 9416 9706 5386 6797 4973 2513 9106 6195 724 5973 5777 9842 8314 3292
91 8229 6312 8011 1357 7060 7452 4020 8600 7099 6908 1469 830
92 65 7492 5412 7272 5677 4113 7345 4567 9049 2170 1788
93 6049 547 2567 1448 4555 498 9939 8989 4895
94 1668 262 6278 5960 5196 3500 7248 3729 9848 3770 5307
95 6977 8130 6662 362 7564 1453 5727 9842 83 2879 6518 5983 1720 8506 1181 9918 1471
96 417 1284 3877 4166 6375 5062 8293 1492 1973 7128 8795 6493
97 420 8517 1592 8650 6988 4269 1621 6072 9278
98 2240 7652 230 9127 2442 1130 5836 877 299 847 7377 1885 7422
99 6305 1411 2468 3717 1769 235 9676 5804 172 2795 9007 9521 753 9235 1364 9271 2873 9083
100 6403 8452 5901 397 6166 7447 4249 7706 1822 2598 2855 4520 4907 3121 447 3066 1478 2634 7373 731 1118 5477 871 3053 3056 6001 8566 3706
101 5507 2124 109 5519 9424 6932 4187 3645 731 1823
102 2278 5990 9567 5638 1134 879 8496 6164 7128 3385 412 287
103 4066 3139 5991 7693 369 2483 1462 5786 6266 1627 4542
104 9728 417 6820 9350 2025 1129 2954 7884 843 5934 6640 5264 8242 7410 5715 3318 5240
105 2914 2627 2850 1730 2249 2986 7597 6797 8143 6455 7545 5596 6014 3743
106 321 5827 8263 3370 5803 4173 6542 3473 3954 2197 9947
107 6272 5186 259 8008 9576 172 5870 3733 6902 2428 3417 6300 7965 8376
108 7840 5985 321 7428 6821 6534 2157 9682 5334 8216 6938 1983
109 2500 4327 8232 1674 1675 3852 8492 5361 7699 5715 9338 6908 9661
110 1249 1763 2789 7417 3144 3913 8809 5260 7949 1551 4598 4728 2297 7677
111 954 8833 4995 5446 5927 6938 1134 8339 411 1146 1435 7006
112 9858 3588 9861 152 4898 546 9892 6189 8878 5690 6592 5062 3790 5838 79 7392 7781 4712 9834 8946 6389 503
113 1318 1735 1042 2643 2934 7382 5976 6811 4638
114 3936 838 1418 6956 8941 9262 5498 3885 3699 1399 2202 9371 476
115 9989 5383 141 6798 9871 528 399 1941 1436 9901 2223 2096 5045 950 6330 7747 9293 1874 7893 600 7780 7652 3819 9846 1528 1918
116 1601 3523 5675 7340 685 4237 569 2834 8119 3065 1119
117 2178 7652 6725 2312 1934 9007 1200 3766 4632 4410 4667 5597 30
118 2 9350 2524 7243 3758 3535 3599 6000 6290 1075 1682 4502 3894 6584 4857 5435 9628
119 1664 9154 1314 1475 6309 9361 9746 8887 2110
120 4096 8225 9413 3559 7892 1846 2263 2585 3258 2079
121 7844 1837 4315 2414 4527 4600 3097 3450 5499 6010
122 7969 4042 6315 9809 8434 1298 9298 2869 4337 2962
123 2371 9702 1800 5931 4781 275 9620 7956 6008 8666
124 166 9656 9917 2729 2047 8427 5002 7405 9835 79 2544 9533 3219 950 2008 6905 8699 2237 1567
125 4352 4870 1929 5902 2327 8089 6301 413 5026 4002 5552 3505 2100 5178 3259 5050 6334 5950 5445 9163 5198 6101 6741 4313 4060 220 9955 9957 874 9580 2924 1134 6258 3963 9852 5885
126 3616 6693 9514 8716 4270 8755 563 6327 8056 3198 2431
127 928 318 2981 5545 2637 6910 2352 979 9528 9244 5918
128 7520 3040 6439 8616 4842 1326 9968 721 7153 3925 4982 2489
129 2752 9409 7306 3404 6446 5679 2288 5169 2290 4849 8216 8505
130 1921 451 9606 3911 7723 4818 1202 9395 8091
131 7267 8203 492 5741 142 9232 7251 3959 888 2940
132 6241 2306 2308 2215 2407 6186 811 2926 5998 6993 722 3477 2965 6613 8636 6398
133 5472 5347 8956 3270 2407 6379 1483 6070 9018 1180
134 9634 2691 739 6075 1979 201 2890 4718 2587 6654
135 2 5667 4132 4615 797 5707 4559 7164 8253 4926 2175
136 8193 2183 8841 6671 4880 4888 5913 3098 5019 6683 4134 2088 9132 3629 3380 2741 6453 7355 574 9023 3520 1353 8140 8142 7127 8439 6365 7138 7147 1900 9197 2029 1523 1524 247 1016 5755 4348 8830
137 2210 7074 549 7497 3339 1967 1807 4433 6778 3291
138 8256 321 773 4037 8393 9676 6607 784 4088 5337 5180 5183
139 3171 2787 1862 6121 8366 3470 9013 8406 636 6878
140 4425 2701 4369 8595 5204 2616 5498 891 7516 1375
141 7745 8193 7916 8525 5836 3215 6458 17 5715 9812 4664 1370 2874 8094
142 5792 2592 2819 8259 8387 9735 4936 1132 7762 9779 5276 3647
143 6656 5409 2946 5478 2823 326 5804 6961 8183 5750 3862 1624 5886
144 6339 6886 8140 3758 9683 9972 3129 6107 3357 3838
145 4930 9189 3525 2504 363 3507 854 6967 6361 4476
146 3936 4801 6019 5510 49 9214 599 9432 6972 9022
147 3459 5960 458 5518 8724 6646 3894 9178 60 702
148 4354 9251 484 6278 614 2510 3955 7860 182 6263
149 9992 267 652 5773 5526 5278 2982 9383 9384 5942 9160 7753 9036 4429 7889 4311 6104 5340 4836 744 1264 5104 5497 7162
150 8450 3842 1668 4873 1933 3982 1552 1042 1043 3352 9499 4765 7454 5409 5412 5156 2729 44 7598 4785 8756 6334 960 4801 9669 7367 5064 6729 7755 4684 9936 7762 6354 9050 9692 865 8931 4199 6635 1774 1391 238 7413 5623 2168 3199
151 5025 6402 9699 6338 5543 7882 7275 8299 5483 4080 979 6040 1849 3642 7583
152 1668 5221 2054 6054 5419 6258 9203 8565 8855 699 2557 8511
153 161 9575 5513 6058 9993 7949 7854 4821 1335 8057 2940
154 4512 5762 9476 5805 4532 6389 2682 2388 4696 1210 7995
155 8193 321 8836 6821 1129 2986 8347 3373 3534 4914 2962 4185 6619 9533 4702
156 1154 5771 2444 13 2192 660 8600 4377 1307 1181 8224 8994 1956 6054 4520 5166 2735 9523 6074 6270 3262 4928 7105 707 7365 6737 8918 3670 8922 4954 7521 1510 3562 7405 4463 1904 2929 8815 6390 4988 7806
157 3877 647 171 5837 621 2541 7505 4465 6164 1564
158 8449 4193 7139 8873 1871 9808 5296 2484 4629 3830 5783 6745
159 6593 195 484 3081 4462 3759 6126 303 569 4795 3196 5758
160 2240 7105 1476 5669 7723 3276 7951 2643 8469 6902 8949 4311 5020 7327
161 1729 9540 6534 1196 7153 9458 7475 2962 5717 5753 7227
162 5527 7652 3836 7240 8393 3948 6285 7762 7411 5268 373 2038 5080 632 2555 7419 9087 735
163 2240 3617 8897 9923 9127 8199 9007 8979 7539 8920 1978
164 5377 7016 5354 5706 2898 5718 5753 2270
165 4868 490 2795 8844 7437 1300 693 4729 1723
166 5664 2240 9891 5284 8837 3818 6093 2288 6837 9658 3902
167 4513 1576 3690 1229 7887 7920 6161 2835 9780 4824 2297 7578
168 4835 3012 5925 423 4366 8495 4818 1362 3987 9429 8438
169 6882 2402 8164 1896 7049 940 6030 1909 316 3901
170 6560 6977 1984 7716 1445 8646 7621 629 6165 5624 2555 8733 1727
171 4352 5827 7652 6534 7401 2282 4875 1997 4429 7568 2931 4344 6106 4286 9663
172 1320 4361 392 2060 9966 9298 19 5139 5718
173 7522 866 9481 7500 5805 8237 8079 8958 3953 7949 4858 4574 2431
174 3074 901 9483 6283 269 1167 8210 1691 1316 7602 2739 2102 1206 6713 3261 2512 7895 9050 3427 8293 4203 9326 8814 1141
175 4194 9286 6056 9897 2828 6258 4467 4408 5081 7516
176 321 1218 8646 1191 5662 199 3979 5099 882 6003 5237 7542 3671 1565 766
177 3141 8038 6855 2793 8521 7949 3600 3830 3415 7864 4892 445
178 6529 8834 812 4461 76 3983 6227 3829 8215
179 4231 631 4649 9003 1996 5590 7735 5882 8125 9983
180 5152 6563 3880 5130 4909 3280 5521 4082 754 9119
181 7172 777 8587 1174 5541 933 6949 1960 2988 2618 5566 2240 6978 7239 3784 4302 1501 734 6126 1651 7675 6014
182 5762 7428 5412 617 6537 9677 5074 9811 2322 979 280 4120 3674 7835 3582
183 3936 4001 6595 4996 9064 2986 7546 528 7282 1626 8093
184 3776 1 9314 3781 9820 4359 2184 744 2247 988 6283 7240 9711 7419 3375 4026 5659 1980 1596 7423
185 7232 4290 8685 2638 8241 9458 5718 9848 6491 7164 1117
186 5473 4600 6217 7728 9842 9011 4531 5046 5048 2810 7583
187 4352 2530 6501 2962 2931 4663 2553 4476 3485 7902 4700
188 7040 6019 8964 7172 1297 6042 4635 427 9522 2866 9533 4414 4300 215 6365 5607 7400 5737 7788 3567 246 8822 4092
189 2402 7427 5518 3731 1625 7546 6267 7002 8351
190 3939 2567 5804 2861 1646 8942 3023 1105 8375 4122 4379 6175
191 4291 1444 1924 3719 3818 2125 3473 2643 7001 124 7805 9919
192 6401 9826 2113 5796 3813 7590 6308 2 5323 2476 8813 2895 4081 5117 2802 7956 7124 3128 7549 6525
193 1089 5891 7939 259 262 2119 4714 7084 2508 6060 2288 1201 2643 4788 2105
194 2691 6629 5445 2121 6537 6827 4046 464 9968 5715 3094 5880 4889 1979 7614
195 4229 2981 2505 205 942 8719 1200 1774 3862 8473 2779
196 7264 3936 2695 8812 6830 9902 111 4209 5810 3639 6809 3518
197 3586 2564 4073 3564 7438 4049 1298 8115 9972 4663
198 7200 4034 1411 8644 5094 9542 9567 6444 7949 4307 9145 3326 2814 3263
199 8130 3586 6756 292 9925 4167 743 7237 1547 2450 9723 8125
200 2853 4678 9160 5769 5770 427 7692 9007 4240 2353 7732 5559 1688 183 2010
201 5155 44 9841 20 5622 348 7995 7004 3390 8575
202 1761 7427 4329 7565 4786 8595 6835 3543 2360 3771 926
203 4545 7201 5990 4391 7686 138 3791 8757 9877
204 5056 9216 8578 5795 8866 9830 7883 4561 1334 5272 9049 8090 251
205 2304 2958 7698 3219 1305 4385 6434 8874 554 9004 6445 6073 1083 6467 9540 9031 6087 9804 477 6496 5218 3557 487 872 488 6251 7276 7791 9712 3061 7542 2552 6140
206 7328 4873 5995 76 1806 3119 8562 1235 6708 6613 8540 1146 5372
207 1668 3175 1640 3339 3885 4718 7214 9007 9140 5015 952 4124
208 5029 3112 457 8269 6383 6191 3921 8336 7762 6746 3931 4383
209 2240 8644 9766 4377 8073 7274 5195 1229 9107 9941 4633 2075
210 1312 2279 1768 5453 6350 1549 2960 2064 4824
211 1635 292 1349 7078 3753 4458 111 3792 9746 7925 7577 9244 831
212 6465 9954 5123 8291 8514 1323 4909 7854 5170 5683 9465 6396
213 8343 8892 2551 8999 7627 9371 8856 9244 9783 120 4795 7868 8158 671
214 9664 4035 4164 4581 3146 8716 8538 4592 9873 8666 6870 154 1723
215 581 4519 6599 5453 7343 1871 5043 9079 7065 7837
216 9120 3074 3333 7590 4727 7433 2185 1919 2647 4729 9145 1278 4895
217 7180 5785 5278 3231 7457 4389 3510 8887 6327 697 8763 1341 4807 6219 8267 979 2516 3925 4569 8156 6370 8684 4470 7673
218 7907 9092 9125 486 6920 5064 7884 4462 79 856 3162 9310
219 7429 1932 9742 4369 7442 4628 9621 921 4378 7706 7834 7325 4269 9522 178 9014 1850 188 4418 5572 9162 9548 1110 7009 485 7526 108 2029 4591 6511 5621 3190 3453
220 8997 741 8839 6270 9165 3087 9488 3476 5848 2202 5598
221 4416 6114 3074 7050 9657 5709 8526 113 4566 6169 9883 7129
222 7703 1101 6408 2634 8106 9324 1773 686 8591 9549 881 1130 1267 6260 462 6326 8119 9080 4635 3740
223 8193 8711 3476 3989 6685 925 7338 5677 6458 8763 4667 9671 590 8529 979 7124 1879 9820 3555 8168 9071 9842 7411 4341 6526
224 3877 5766 2023 5938 178 6388 2678 3065 8573 2524 6877
225 5279 1668 1512 459 2235 4815 3728 7859 5558 6522 5851 5919
226 2211 3811 2665 107 1774 9903 3248 5461 1878 1816 8669 5566
227 3008 2240 2786 1187 1673 9290 3979 3695 2767 9209 7997 3775
228 1508 2919 519 7976 843 3503 6514 8667 4956 7997 6975
229 3462 9223 2121 1038 8116 5781 7446 1239 4699 4572 9118
230 3427 4998 71 9007 8082 9427 7922 5717 6934 696 6393 1757
231 2402 6210 3622 9832 3150 9842 9779 9204 2327 4056 5020
232 8993 5701 6279 6760 5033 3018 7153 9620 2999 5727
233 7200 3919 2769 9076 7958 9082 7675 2045 2975
234 6465 7330 6850 7748 3525 8570 3828 9077 7192 8281 8954 5437
235 2240 1410 5730 3877 1194 9967 3280 3826 6995 3957 1175
236 3301 9033 4043 8491 653 9871 5424 9968 2554 2611 1626 2332 7740
237 1379 7687 1449 4810 5420 2767 8208 7759 5340 5495 2844
238 5696 7654 6505 9195 8716 5778 8466 3006 2904 7413 8024 5181 6846
239 4866 1414 1044 2580 8089 8508 2244 8391 3535 985 5216 5345 874 8939 2411 239 4211 3060 5748 6134 9722 511
240 5353 2286 1455 7537 5469 1174 3449 6938 1435 6268 4157
241 2561 3394 3077 6537 1419 4524 8043 6126 9615 4855 5753 9405 9502 7327
242 9184 608 2467 9795 420 3624 7949 2703 4303 9748 6388
243 9442 8163 900 4035 1608 9194 8362 5871 304 7632 4369 9723 6996 7127 2392 1369 698 8891 3101
244 6912 6182 4583 1768 5638 3496 745 6158 79 560 7287 5884 4797 6303
245 5632 2 2052 5257 9227 5138 786 1183 3872 2476 6970 5442 5700 5189 6859 6477 8287 4066 2147 9063 4970 8683
246 992 4869 2727 6605 5330 7320 4538 9372 9053
247 2240 7137 1251 1255 2942 3091 2962 5239 8152 4152 1851 7548 5022
248 7906 4777 5929 3437 8526 3215 8880 5880 4979 6101 118 7224 5561 9435 2526 479
249 772 9317 7309 7533 8815 5936 6512 849 147 6356 4784 8722 9199 701
250 708 9925 7047 7976 1224 9865 9547 1361 6067 2935 8122
251 9856 8706 9827 8003 5576 5197 7601 3985 7153 7732 5087
252 7426 4997 9720 8844 3597 3982 7950 3602 1299 4628 4504 8990 9764 9892 2986 1963 9133 1850 8125 8899 205 4558 2643 4311 4824 7896 730 8027 9436 4216 7513 7392 2274 1510 9704 5737 1900 9197 5998 8687 2032 5105 1139 8309 1912 1533
253 8258 1322 7915 2092 4140 7989 9590 6746 8539
254 9473 3873 8711 3997 6255 3216 5231 3644 2141 7870
255 898 4239 1424 6047 7463 6191 9007 9791 8905 2125 1745 7889 851 2265 989 4958 1124 6375 745 2545 2423
256 5472 4706 2534 4135 7367 1513 5064 6638 1653 3032 3739 927
257 2240 680 3082 2091 5259 6988 3371 2929 7378 666 1598 31
258 8450 3013 6342 7303 8072 9453 2671 2642 7219 6420 8541
259 9284 70 7079 1000 1576 2203 3021 6030 7698 4410 2715 4732
260 5987 3366 103 839 7691 7507 1524 312 1913 667
261 8898 516 3940 2918 1668 555 6955 5965 8431 4881 8184 7514
262 8994 7877 4488 4969 9265 5299 6164 9652 6426 2555 6108
263 3939 1638 6620 1620 8341 9687 3131 3772 4989 9662
264 2272 99 9479 8872 6793 9674 8681 5962 1615 2288 5171 6611 4991 2271
265 4929 3719 8327 5641 4073 3303 7885 4399 5880 5341 5723 8413 1086
266 5666 9538 6404 1343 6119 9064 5418 10 8878 816 6847 1746 6838 3959 28 8029 2527
267 6018 7971 1699 709 3108 3114 1259 4971 9039 8688 4863 4212 3156 8086 6839 6104 2773 7131 8732 3935
268 8511 8903 9738 4107 6032 5360 2869 504 7517 7101 8926 799
269 5127 2887 935 6668 5391 1200 5785 6003 1042 1461 9049 2779
270 3074 5507 6052 5700 9229 2222 1458 6644 6101 7578 3419 2589 1503
271 6179 1668 360 5549 6159 3953 949 1689 2044
272 290 3430 1534 6121 6473 3406 6097 5715 5625 2942
273 8727 1511 491 3181 9007 3735 6874 7166
274 2176 7 135 6670 7699 5397 9244 6044 5150 286 7459 7078 7212 691 2741 6842 6459 5696 960 1097 3403 9936 979 5848 9689 7513 5339 7643 1496 3936 1889 3937 4965 4326 8685 6511 1264 2288 8690 8947 5492 8949 9215
275 7488 321 1383 3241 9067 2126 6318 2832 9968 2708 5013 7962
276 9696 1313 2848 935 9545 6798 2415 2128 5041 472 5369 507 252 8543
277 5821 3082 3694 2065 7667 2901 6294 2327 2397 1437
278 2240 9730 6020 7590 3455 4909 3954 2451 4500 2523 7359
279 1342 2850 3012 2984 9130 8491 7823 16 79 4531 2327 8926 8255
280 8834 2792 2121 8107 9837 6446 7025 2866 6737 4438 86 1462 2585 8634 1850
281 2531 3780 2915 2311 2823 8880 7058 5337 9980
282 2624 2 3074 2247 6794 6572 6670 2327 1042 6775 8796 5183 9822 7359
283 7331 420 5990 5575 5256 6507 427 1620 8118 5302 4920
284 2240 3139 2182 9095 6056 6830 9968 119 6135 1789 8766 2079
285 5474 8994 3077 7429 3293 9102 4881 2513 8212 7352 9339 6556 2557 158
286 6496 9889 5957 2981 5671 6440 3163 6956 2868 4729 9306 507 7261
287 8321 1221 7654 1094 840 593 6579 3513 1565 6270
288 2592 2112 1154 484 4199 8394 651 3441 8406 344 924 4701 7710
289 779 8876 9612 3307 7951 5424 6543 79 4565 5308 8125 9695
290 3624 7914 330 7450 9722 3602 8628 6258 5336 2041 2106 8123 8989
291 9479 2983 2636 4077 6991 8125 79 6706 2834 1527 3929 7418 4411 7709
292 8993 6537 7800 1646 6387 8534 4279 4472 3834 6751
293 1761 6625 8837 7481 8040 745 9130 3115 6636 939 1227 9904 6673 5490 3383 9113 8410 4635 9535
294 3877 1350 4326 2793 3339 2380 6224 6256 7411 9203 4569
295 6050 835 2939 1702 1063 6248 5287 8362 4939 8684 3086 2382 9467 533 9371
296 6754 1027 4675 2986 204 2962 7891 1431 4440 6687
297 4455 2536 9065 140 7887 8050 8402 9075 979 1622 9049 90 60
298 8994 8644 4453 7150 9007 1651 7988 150 3639 6680 6649 3894 59 9533 5694
299 3074 1187 1668 2857 9483 1612 7957 4118 3062 6232 764 6335
300 2560 3076 4454 2023 7208 8006 3371 7564 4406 7167 415
301 3193 1986 1961 1834 6924 3920 5273 3194 1883 4318
302 4321 7425 3843 5508 680 9610 6317 8214 183 6235
303 6561 7588 3012 1668 1735 6930 6738 3221 8858 5273 474 9404
304 3200 7937 3233 6689 3329 2 6890 2986 6670 2319 1552 1809 2555 7869
305 8385 8578 8994 3111 1640 489 1704 9611 5260 4811 2666 9871 8784 6998 8890 6203 7325
306 4196 2124 7438 8367 4079 79 9941 8950 5845 8537 4413
307 1058 4899 5796 9861 4901 8387 7880 2346 2986 8876 300 6870 3738 2041 8186 2751
308 2304 7425 1282 3074 6278 7304 7948 145 3479 4400 2496 2753 7744 5443 586 718 2260 8022 1112 4697 5211 8539 477 6622 2272 1633 7652 1389 8307
309 4867 3011 5735 5783 44 9177 8063 1785 9533 8764 2909 3743
310 1665 6532 135 5384 648 5660 1181 7586 2085 5030 5546 1710 1585 2611 8116 5304 8888 5948 190 3783 6909 2897 7637 8022 6999 6359 7895 7643 2784 7008 6888 3051 7791 6640 1917 9086
311 3906 6882 8356 7850 1358 8407 2905 5081 2073
312 3105 5569 8744 7721 9802 3528 3371 1168 3446 1238 6456 6010 7931 4863
313 8417 7012 357 773 3655 6986 203 8685 6932 6613 5272 4987 572
314 3426 1347 4771 4677 6854 5190 5412 8994 1162 4237 2414 2415 4852 1309
315 3459 7012 3372 333 3725 3759 6510 2769 8524
316 8389 390 4741 2790 242 3892 6552 8283 6136
317 9890 2919 1128 9615 3600 6224 8882 7985 79 984 5467
318 1920 4224 3714 8961 8068 5897 910 3727 6545 5651 3607 9248 8484 8486 5288 1839 6195 950 5437 4418 4945 4308 7637 9173 6487 3673 4068 616 8428 5871 6390 5111 1020 9215
319 6624 321 3784 5132 7887 79 371 8660 532 4726 5404 4765 8479
320 7296 4383 3589 2213 2685 2986 2877 843 7055 9007 9074 2195 2962 7805 926 6271
321 1792 9376 2084 6471 8620 7153 2962 9588 5498 2492 8062
322 6914 8098 2978 6917 3526 1159 6458 9968 3314 5587 3130 2555 3260 5885 5374 287
323 7296 2497 9986 4966 3341 4210 402 3604 7156 4342 9559 630 2777 5715 9341
324 515 5571 1700 4035 4010 4939 8719 1808 1073 4403 4378 2301
325 1280 4934 4551 1321 8746 2826 3981 7567 6609 2617 9244
326 1344 2148 5126 8137 7402 745 6033 9842 3701 8437 8310 3163 446
327 3170 134 5866 2058 3437 2445 6418 958 5301 1435 3197 5534 8637
328 8224 614 1383 9643 7022 2959 1230 4276 3165 1370 1693
329 3840 8353 7234 6023 7655 6248 7308 6289 2581 6202 5340
330 2245 1516 3244 9103 6224 4209 2898 4565 3544 1245
331 9378 2 612 2630 8618 5835 6956 1453 7311 6641 2998
332 9794 1634 5000 7210 1645 9392 2257 2834 1713 2419 4667 2462
333 6752 3649 6987 6827 4114 4126 3257 9117 4862
334 3938 739 6692 1668 4935 2089 5931 9612 5006 7951 4915 5628
335 8391 3087 1104 624 6577 5649 7762 2550 9687 9018 2270
336 9635 8899 1669 8005 43 8587 8653 3373 6190 3862 604 7806 7743
337 6337 7784 7240 5611 4428 4238 1263 7086 5745 7219 8664
338 3584 6465 4101 8293 6791 6091 511 5451 6161 2962 1811 6014 4958 4022 2327 4985 1884 8158 9727
339 1036 8078 3092 7069 7965 1567 6311 2732 5676 4404 9920 5825 9921 9549 4832 7395 8295 9839 2288 9336 5630
340 5281 2273 489 5131 1677 1712 7507 9527 4315 2527
341 8504 3973 4901 7114 4728 9326 3864 5011 2869 9976
342 352 3361 3084 5196 7084 2254 9585 9426 9778 7797 8474
343 515 9828 4421 6054 5507 3012 9514 8044 7949 1679 6704 9199 2386 9075 5335
344 4448 8898 8902 7719 9897 6764 1006 6613 342 56
345 8710 778 6032 538 4253 285 3362 4132 6198 5437 72 6476 3149 9548 847 2262 6116 752 3576 2683 8319
346 5409 6653 6627 3524 7365 486 2283 9163 5003 5329 8852 9332 5685 5621 665 5755 7932 605
347 3936 8417 1889 9861 1541 9960 5512 3753 7148 2611 8596 8279 7671 8444 4190
348 3424 9029 3370 9930 6220 3182 9940 2357 1111 4247
349 577 899 7300 1640 9994 4945 3317 5718 8055 9978
350 4672 1668 6470 5768 765 4876 3859 1172 7575 9016 5276 93 4062
351 321 1058 2948 7309 3410 2420 7573 218 8635 5372 6013 5663
352 8416 836 1031 1097 8297 5962 4343 3662 2863 3375 6934 215 1175 2553 3894 7707 8284 1535
353 9478 9352 4362 2318 399 4880 4884 4628 6938 1948 7586 5923 8614 3498 3244 6833 9139 2485 7477 1593 6458 9152 321 2885 8775 7240 843 8908 8406 3543 7513 221 7135 3427 4068 3043 6758 4199 8167 232 6762 6509 110 2416 1396 9461
354 2787 4387 9224 5706 7307 2570 8910 9711 7184 6640 9270 1112 510 735
355 7008 3713 9574 1096 776 3882 1582 7543 6938 4255
356 2080 1985 835 870 9291 427 2126 8366 8367 6798 5775 6708 1397 6362
357 999 2346 144 1136 7857 3508 8184 9849 6202 5469
358 2693 6922 8074 8589 9746 3476 9109 281 2591 813 686 4402 960 7289 3012 4805 7752 5838 3157 1495 345 730 5721 2526 9185 6631 3820 3052 8814 4345 250 4348 3326
359 321 9090 3971 4075 876 3153 4338 3347 6263 9978
360 321 4837 2341 2214 3153 5299 7668 3732 6899 6613 5432 2395 3100 1053
361 6561 8898 7107 9220 1712 9872 9968 3829 8662 7929
362 3581 2882 4930 1958 6762 8780 5868 6959 591 4272 7153 4915 4788 3923 9367 7325 8830
363 8387 9863 1707 6956 78 8656 3765 6101 1047 4440 5689 2652
364 2564 2052 5625 3793 9620 5492 3193 4636 797 1630
365 4608 2087 2121 3278 4687 4558 4146 9911 1881 1241 9082 9435 5374
366 8097 8164 1412 6346 4172 9070 6769 7828 6196 4694 8632 1375
367 5376 3780 1797 1318 5097 1967 688 7160 8955 3836
368 5050 9767 1002 2155 4492 6958 4019 3446 1719 3418
369 5600 352 7100 8013 5134 9244 4016 4401 115 1715 9847 5497 6940
370 5412 6121 6378 5994 5046 1144 4761 2136 9693
371 3142 74 172 431 306 979 3542 9047 5112 1753 6811 5596
372 865 6658 5575 8491 1228 8141 240 3218 9588 4312
373 1409 3139 3993 550 1383 79 7024 6999 825 922 5115 6943
374 9569 8711 4010 651 4205 5424 3154 8979 6292 6613 87 9305
375 4642 8291 7492 899 2602 4716 3057 2962
376 7649 5506 6726 7719 7240 2059 973 1999 5532 5244 221 6879
377 8994 6915 3556 7493 3558 1929 650 6541 2033 6740 8475
378 5795 2202 4651 5773 8015 8720 7998 5074 8467 5780 6041 3516 8636 7358
379 4448 6210 3786 6125 3189 9494 6453 9848 3325 6490 8957 1342
380 2338 5956 2489 3660 4301 9614 688 3282 5715 7382 7673
381 321 5154 1987 6468 3779 486 778 4811 2255 4399 8689 8178 5715 4598 2555
382 6529 7074 8547 6309 4745 9898 3024 1105 2962 1907 342 6938 3836 319
383 3365 1669 935 1353 1162 8140 8046 7503 2960 5683 5715 1557 183 3001 1691 5085 6270 2175
384 6149 4230 4871 7049 6675 4507 5755 3869 9248 7845 935 9132 7725 3119 3125 7349 9404 7874 8899 9031 457 842 9548 3408 3154 2003 6613 3158 3798 1242 8282 5982 3935 865 2662 4198 2409 2030 5104 5748 1142 3963 7165 7806
385 961 1058 3459 2919 5544 3920 2962 563 4373 9046
386 3907 3972 7593 5291 2508 7149 3982 9239 4728 9658 2269 1278
387 2563 4869 1417 7692 5582 9199 9903 81 4920 3987 8152 1530
388 5634 1027 2948 2469 1288 2643 5748 985 9628 8767
389 8675 8293 6391 1269 8853 7064 3608 3894 5018 1818 2686
390 256 7589 1577 2253 1233 1426 1525 6775 9560 7007
391 26 1797 199 7563 1999 6640 6065 2767 9007 757 6070 3128 1945 410 253 927
392 5602 9284 7908 5447 3049 491 7317 7413 1309
393 2 6343 522 6666 7212 4749 4334 8751 1581 6447 9245 1715 6258 3894 3191 1529 6651 4925
394 832 5953 5255 8936 7880 1599 7215 9007 6518 9948 9309 9567
395 1056 7680 3808 32 9444 321 6054 5896 5708 6956 6384 9780 1398 952 5977 2969
396 6241 8994 1572 4261 7016 5962 5550 8622 720 8625 7962 1054
397 608 3073 7556 4683 6315 299 5771 7376 3312 9875 6547 7699 2586
398 5219 1159 6343 1386 7695 337 1298 5715 9110 9112 3514
399 4706 9607 4265 2667 5876 2491 3735 6072 9082 3003 9820 8671
400 5926 7878 7242 6973 1871 2736 2289 561 6545 5817 6522 7581
401 577 546 5027 7235 4834 3400 1772 1325 7896 880 2384 9842 2868 3096 2426 4667 6046
402 3584 8194 5510 3767 5706 8753 4759 57 7514 1916 8543
403 2081 8808 6120 8937 8746 2986 5389 3890 6362 1407
404 1475 4420 8934 5758 1549 3630 4113 7762 6835 4563 1657 891 2558
405 8066 7554 605 4836 9731 5064 9933 1743 9455 9685 2009 4668 6461
406 321 9506 5092 2685 5412 7083 334 7886 5204 9783 6555 380 797
407 3527 3018 3530 7132 5226 2767 241 3889 3700 7804 4734
408 7296 2785 2595 9701 3719 3178 9328 1776 8528 8244 310 7415 2460
409 4032 2494 3852 9422 3022 4274 7699 9270 5399 1432 3965 4126
410 6537 1867 1179 6989 3473 4273 979 474 8315 1052 5533 7294
411 7718 4554 8334 2287 3440 2288 952 8567 3256
412 9058 8130 6794 9994 940 2896 1778 3161 4383
413 4196 4102 3560 7241 7690 1329 6547 9109 2327 248 8794 5851 5822
414 1760 9792 4035 6022 6792 6665 2571 2252 1493 5366
415 7296 8771 8483 9645 8596 3604 5078 8440 9530 5627 2621
416 7075 8742 968 6377 1023 2155 8140 2318 79 3728 1234 1364 6582 1272 8123 1756 5983
417 8417 38 1319 7404 3182 7346 1299 9782 1846 2076
418 5920 1089 7490 7238 8744 4874 428 2035 148 1238 4763 126
419 2117 230 7399 5962 3019 1643 8495 3346 597 6746 9149
420 9537 354 2632 3368 3758 4464 2390 4630 8604 8443 5852 1534 191
421 8768 7073 9848 5741 4335 3119 4721 3826 6193 216
422 2240 321 9256 1833 1751 7019 2219 5307 562 631 3513 1690 8059 2877
423 5058 1828 5221 4363 8717 79 7120 2962 4819 7610 4795 7903
424 2240 1217 5858 3298 3297 1571 7270 3163 1230 9522 8182 5915 6749
425 3488 2176 6402 7875 9188 5217 321 9160 6667 7149 3374 4912 7858 9523 9042 9139 4536 4953
426 3457 9858 9508 9990 3311 8784 2996 9494 7325 9501 382 6591
427 8608 353 3522 7203 5412 6085 4965 1992 3080 7977 8939 4141 5903 8431 7991 6875
428 7366 1640 4072 4575 3758 3183 915 1044 7795 3316 823 9112 2937 5023
429 3589 8988 1577 5770 9709 6479 2384 2480 9234 7096 316 5181
430 9861 1128 2986 9708 8653 79 786 3027 3764 3737 1595 9020
431 3777 5091 484 7011 7621 9319 50 4755 6258 5397 1087
432 7296 5858 9386 9102 1458 405 3096 5115 1693 5883
433 1377 5670 167 5288 4583 8137 5773 2222 9807 240 2288 7989 53 2135 8093 1918
434 4097 2052 5413 6118 7878 1668 3177 2092 8948 4981 473
435 6624 1089 9217 769 3877 4840 3977 27 396 9933 7632 3099 3836
436 8674 8804 3655 7753 461 4565 6613 2551 602 7835
437 3360 4737 9859 2468 967 9866 6538 4112 5781 534 2175 1087
438 1767 3562 8206 3347 9525 4630 1334 4058
439 9761 7107 228 9610 9388 821 8149 2779
440 1121 6978 1763 5828 356 8678 8294 3464 3106 4363 7179 6840 7791 882 5235 2962 5048 1117
441 1765 9928 4040 1866 4106 4140 8429 2121 4498 8822 4376 1759
442 3936 8740 4892 9029 6044 2090 1643 988 7352 3802 9180 7069
443 2 6628 7558 7207 6537 5917 4427 9067 2834 6131 2773 8312 6938 6493
444 2219 4461 3730 7222 920 6234 4827 3774 4639
445 9987 172 5136 3824 757 8792 313 732 669 4863
446 2785 7651 7428 2918 4902 5037 2288 8343 2555 4956 9215
447 5953 7841 1189 1031 6986 8491 2893 5615 185 9210 5564 5727
448 1217 7713 8741 1991 810 9739 3247 7700 8988 895
449 9953 1186 7042 134 205 814 1622 695 4376 3032 5757 9663
450 4739 8836 8710 4359 9352 1036 527 1040 5401 2458 8859 4645 9640 6954 560 2611 7095 8894 3520 7105 5316 8135 3656 6855 1869 7888 2773 857 865 3044 7653 7012 7146 9579 8174 1779 756 372 1150
451 3107 646 6183 7303 5256 427 9196 2358 3000 7928
452 1957 935 1161 3657 2796 6000 2357 4152 9594 3293 9182 5087
453 2240 2881 9598 9178 9316 1414 1224 744 1807 9393 2962 1686 9495 6231 729 122 1470
454 8961 223 4447 6534 4296 7564 2288 5939 7827 3539 9750 5715 5692 9439
455 2602 332 2776 5776 8495 4050 371 948 7153 9304 3134 8191
456 97 6242 3982 1843 3444 9782 8186 9244 2653 3838 2271
457 9824 1984 8099 7687 6858 7949 598 2326 9950 6430
458 7296 5258 8970 7318 2992 3377 567 1080 5817 1341 6210 67 2633 9930 6992 5715 212 2271 7652 5748 3579 893
459 3366 2440 2474 2155 6542 3567 656 4113 1267 3764 1428 1337 8540
460 3392 2240 4002 5990 6374 2281 9321 1547 7117 1104 3027 6613
461 9120 5444 870 1960 4109 974 3696 500 3894 2327 2394 7358
462 2976 4001 8035 1284 860 4649 6956 3826 5880 2748
463 5313 7597 2478 9745 8024 2996 3028 148 6263 9240 3934
464 6018 9221 7557 9546 6638 7986 26 1212 6845
465 935 6920 3370 107 8430 6799 7505 7993 1084 1757 5886
466 2049 5770 7786 3788 9484 7863 634 9915 9884 1694
467 2656 2663 6318 5748 8984 6139 7421 9214 9983
468 9728 4035 9980 1188 8068 1514 4181 5878 6613 4026 3228
469 4801 7394 2504 780 237 8461 6925 3728 8209 3830 1403 2685 8158 4927
470 4480 1636 1447 3111 1131 2289 5969 659 7512 2555 2876
471 1985 4002 8919 8556 3852 45 1679 8720 2508 5490 9968 374 599 8124 8957
472 322 3074 420 6053 7342 3440 146 9747 9490 2962 4568 5595
473 1155 8292 8995 4295 3848 5228 5493 8278 1750 1663
474 5568 7937 7653 9734 7623 8522 1582 2419 8980 6613 8951 6685
475 352 2242 3074 1444 2373 6055 6194 3731 9557 4950 5591 8474 223
476 3212 6764 1006 558 16 3794 882 3154 1430 5688 1147
477 9697 5378 4163 3874 3335 2121 8948 7319 5752 3228 9182
478 8994 7784 2327 1328 9007 2962 5715 3412 9429 5718 7799 8924 3455
479 32 3650 6595 9801 7533 8367 1808 7408 8403 4151 8087 8572 7290 2908
480 5057 1668 3239 4840 4362 7691 9772 8878 8113 5395 8890 1437
481 5728 4897 5538 739 8130 8103 8203 9295 8634 6035 7572 53 7354 1276 8766
482 4704 3108 7621 3847 7591 5257 976 6192 7088 4211 3700 791 6364 1694
483 9537 2 7076 229 6503 4076 79 2962 7540 6199 7896 2013 766
484 5632 2692 5895 5129 138 395 6671 5907 8092 5660 6428 7713 5412 3111 9129 1711 2737 817 6962 4020 7861 6838 3128 3897 5821 9533 2240 7234 9159 9031 9931 7244 2768 977 2904 1241 475 9181 6369 9573 3944 745 1129 4717 8947 2555 9852 7037 8830
485 5505 321 8515 648 9610 6381 3758 9679 1456 2804 6005 8438 6583 5467
486 5184 8994 2760 7880 5835 8654 5235 2356 3252 3902
487 5536 6528 5410 3936 9350 2861 3309 4247 5240 6201 282 8222
488 1664 4769 6432 5507 4772 3848 458 3103 921 7292 6367
489 2240 1249 1570 3046 4649 9994 2893 9837 1007 5520 8498 3699 244 8476 2295 953 9627 3740
490 8706 6020 5253 6666 2960 2962 1299 9884 6519 9381 7725 9007 7217 3635 3642 7868 5961 7755 3672 1385 6893 5367 8827
491 8352 321 7880 5289 9228 4877 3373 3887 3697 2839 9692 6430
492 5952 6277 233 6314 2959 6258 1525 92 2109 3006
493 1542 6538 4749 13 7055 5389 6161 9233 1555 8598 5656 5784 1176 7968 6049 8484 9892 9638 3240 6955 9518 3504 1328 1329 4788 7351 4664 8888 3007 7744 321 1860 6984 1353 9931 8780 205 6613 6999 1496 8794 4442 5981 4965 5482 8300 3703 3064 8571
494 4489 4368 4275 6131 7700 6038 950 3356 4985 5852 5437 1886
495 3320 4545 5763 2094 3982 9525 6325 3927 7223 55 4349
496 6018 3813 3974 5867 1419 4716 9678 5715 7412 1817 1881
497 2 5251 9348 6918 135 3720 4362 6538 9623 7320 2327 9755 6817 7971 934 2342 9385 2867 5948 829 1341 8257 5316 6853 3268 6984 9418 4043 2000 7634 2650 8284 2146 2791 4455 8556 4717 8812 9324 8571 8830
498 7904 8739 997 3273 6155 5324 1999 7699 3640 795 9695
499 3936 2010 4646 967 6152 6101 7799 8537 7578 2429 9950
