100
0 0 1 2 4 7 12 2190 15 16 17 18 23 24 25 3234 38 294 40 1449 3624 47 176 954 60 709 7367 327 9289 2787 234 111 369 9332
1 2 2052 5 6 7559 8 9 778 11 265 9613 13 15 2313 17 18 1290 21 23 409 797 30 159 1566 7589 679 41 946 8629 54 55 313 60 1988 70 327 3016 73 583 206 79 1360 210 82 84 103 231 2152 110 112 7797 3317 8184
2 0 1 2 3 4 514 147 6008 19 667 27 6045 33 3106 420 39 41 43 3244 2108 455 583 73 334 81 479 101 7156 8952
3 256 8704 2 4 5 6 8 9 11 6284 13 5519 16 17 19 3478 4630 24 155 159 40 42 5803 557 6702 45 304 3659 976 3025 1362 1370 1123 8295 489 106 364 122 7677 3455
4 0 1 2 3 4 3587 5 6 137 11 13 17 786 24 25 29 676 3761 689 7995 835 210 3411 219 225 100 753 119
5 2 132 5 6 7 11 1933 2575 16 17 145 147 20 789 5014 151 280 6169 28 30 2079 162 2853 37 41 171 3246 175 176 55 56 2234 3131 60 702 2114 195 70 968 2762 15 1871 3923 1753 92 95 97 1379 742 8423 750 112 2941 255
6 2 5 6 7 1927 9 11 1804 13 14 16 17 21 22 6422 152 408 795 6557 4770 35 38 41 44 2477 54 1083 61 70 455 78 207 83 86 4951 216 2650 95 97 5091 228 1640 235 1262 1134 4465 1012 2424
7 0 1 2 3 4 5 130 7 10 12 4238 14 5140 276 21 20 1822 32 1315 5688 66 70 3153 210 89 2010 352 126
8 515 5 7 8 9 11 6668 524 14 15 19 21 1558 23 1562 27 28 5659 30 1571 41 6188 44 7218 57 58 62 63 65 69 70 72 74 1611 1106 596 1114 1122 102 103 1128 107 110 7798 120 3706 637 126 131 646 139 2703 158 161 164 1195 178 2741 6327 184 703 193 2244 197 6359 6361 1756 1251 3818 751 3824 3826 8438 252 776 268 1307 3357 2857 303 3389 333 8528 348 355 1386 6518 1434 1442 4524 952 6589 1472 1494 1495 8156 484 485 1522 5627
9 2 8322 4 2053 5 7 6 9 138 11 12 13 14 2955 17 18 19 23 27 159 32 31 162 35 36 1187 554 172 176 52 56 58 60 1484 3791 90 730 5598 6367 864 869 6631 359 7922 249 9212
10 4480 0 2 2052 4 8 12 9358 271 16 17 20 25 30 2848 419 46 817 177 63 448 3909 71 1357 3794 4195 100 2149 358 489 374 250
11 1280 2 4 6 7 8 9 267 13 15 18 19 20 406 1561 415 32 6689 41 178 51 50 2232 7224 62 193 7252 341 8532 344 92 95 97 363 238 7278 498 501 8056 6138
12 0 3201 2 3 1 768 6 16 6928 21 22 154 30 31 1310 34 162 39 3367 817 59 704 200 75 207 469 1502 100
13 2 4482 5 6 7 393 9 11 13 14 16 17 18 275 20 21 23 158 35 2852 429 176 54 55 56 183 58 2491 63 1087 65 1988 5834 845 207 976 218 3676 2653 95 866 122 2922 5482 2285 8688 6131 119 7162 1271
14 5 7 8 9 11 14 2063 15 19 21 23 27 28 35 37 38 2604 3642 7226 61 65 69 1095 72 84 5721 3162 4188 1119 102 1126 1131 107 621 114 1144 121 6786 135 138 9868 148 152 166 3759 707 708 196 710 717 212 5845 1750 5850 1244 735 224 231 235 749 243 764 253 3839 8965 1799 280 2859 1324 6462 6979 325 3398 1351 1861 3410 9559 355 1384 2433 391 404 410 421 1450 5038 948 966 6087 3549 3046 486 495 4594 1524 9206
15 2 131 1795 6 7 138 11 5005 142 1936 20 21 24 26 2330 1180 415 161 1186 4772 38 42 434 51 1333 316 2493 1859 461 1103 4051 84 87 88 227 1127 1896 3175 747 370 250
16 2048 517 5 7 8 9 14 15 16 19 21 22 27 28 9246 35 5667 37 41 44 8241 55 56 58 61 62 63 2112 65 1610 78 82 7774 612 102 107 625 114 117 120 121 126 131 9360 145 659 148 8875 8365 3759 2735 184 1210 187 4801 707 196 198 199 715 1754 224 2274 8938 2296 252 253 268 288 1332 825 316 9543 841 4429 2385 3943 5484 372 1401 377 2427 1917 914 1428 2967 410 4514 1447 3502 948 1979 6097 468 992 4597
17 5 7 8 9 11 14 15 19 2067 20 21 23 534 27 28 30 37 38 1584 1077 2104 62 63 65 69 1093 72 585 9803 587 5205 1621 107 110 114 126 6783 1667 131 1155 9351 139 655 145 152 665 2205 158 164 178 184 187 193 197 9927 199 4807 4813 216 6369 739 4335 2288 245 2809 249 5893 267 1298 2844 797 289 299 1330 310 824 1862 2889 841 2905 1395 372 2419 4497 915 1429 1436 1951 6049 948 4533 4040 1483 3532 3025 3540 468 8152 4568 485 494 1019 510
18 512 0 2 3 4 5 263 264 12 19 661 1569 38 41 809 3499 172 48 689 439 57 577 66 963 70 587 594 84 88 484 106 111 3059 5494
19 2 4 5 6 7 8 11 4750 15 143 17 277 1046 7961 26 155 30 415 32 36 168 44 45 1841 825 58 9275 700 2240 1600 708 198 1607 457 330 3402 1743 1104 597 86 5990 1387 4973 750 2041 2171
20 1027 516 5 7 8 9 11 14 15 19 20 21 9749 23 22 27 1052 28 30 35 37 38 44 561 57 62 63 3135 69 74 1611 78 82 595 88 96 3172 2150 2153 110 119 632 121 634 123 636 3198 4225 135 140 655 148 663 665 155 158 1184 161 8364 684 686 176 7347 184 193 709 199 8911 210 8402 3286 6362 6373 1768 1256 243 249 1789 777 1290 280 299 9519 4408 331 332 843 5973 5982 3441 372 388 900 5514 907 935 442 451 1476 3533 482 9701 487 1001 1522 2047
21 0 1 3 4 5 9 11 12 913 278 24 25 282 1948 412 160 33 2848 47 5811 324 71 328 105 1010 3447
22 0 1 2 3 4 5 6 8714 12 25 1310 545 35 2470 5926 50 308 1982 66 67 329 1737 76 108 620 1646 1389 499 3318 3577
23 2 644 4 6 5 9 138 13 14 3856 17 145 787 20 22 24 5661 30 35 2212 2349 52 54 55 56 3257 60 1859 196 70 327 9430 344 90 1628 95 868 7147 619 5613 1778 378
24 0 2 3 5 6 2060 17 2066 22 25 2080 5540 42 554 1069 47 436 53 8886 60 708 1349 8389 97 9569 742 105 236 885 3574 118 888 9465
25 2 5 3079 7 8 9 2571 11 14 15 17 19 21 22 23 1048 27 28 35 37 38 41 57 65 3139 69 583 72 7242 587 82 83 84 88 102 1645 1134 112 115 120 2685 1667 138 139 140 146 147 148 659 155 5791 1184 1200 7354 193 1733 199 2768 2770 728 2264 5874 3319 261 268 280 1307 8489 301 309 316 830 1347 330 4429 9054 880 6534 5511 393 3479 408 1434 3483 443 4554 1482 468 7636 1495 485 1001
26 513 3586 1027 2 5 7 8 9 11 14 15 526 3600 19 21 23 2073 27 30 35 3110 41 554 561 62 63 7234 69 70 72 74 1098 78 84 3158 92 4704 96 103 616 107 119 120 1656 3194 4219 637 1152 131 138 139 145 7315 660 161 162 166 187 197 199 1736 725 737 2285 2296 253 5381 267 8465 280 797 303 1332 309 1850 9542 5959 1350 1352 329 9040 342 871 1388 371 907 1420 403 6577 5041 957 454 977 979 4070 9710 501 2552 6137 4090
27 2 5 6 9 11 651 395 13 14 6795 17 2700 19 20 22 151 5275 27 3229 414 35 421 38 680 44 2477 45 817 55 7607 57 60 445 6337 1091 708 198 327 70 74 78 206 1746 339 83 88 97 122 2033 375 634 7167
28 2 132 5 6 4742 8 9 773 11 1933 398 14 16 273 144 5011 20 21 22 23 18 532 19 30 289 162 35 36 42 554 2348 172 2862 1460 56 58 61 15 4175 9557 2141 478 8168 489 9836 110 240 115 2167 123 5631
29 2563 5 7 8 9 11 523 14 15 19 532 21 27 28 542 30 37 38 7211 44 1073 5686 57 62 63 1599 4672 69 70 72 587 594 595 1110 2147 112 117 121 125 4221 126 131 2187 140 653 146 671 164 686 178 2226 2238 211 727 731 236 243 1783 9993 267 4881 1307 805 3369 836 8520 4938 331 6992 7518 8034 370 1395 1398 398 5522 2983 7594 5034 957 962 3025 2538 494 1518 5621 501 503 3066
30 0 2 3 4 8 13 1552 17 19 5526 1944 1694 30 32 31 5412 38 298 173 46 1074 954 315 196 968 205 81 353 104 884 376
31 257 2 900 5 6 7 2696 4361 9 13 142 2191 15 17 1041 18 401 21 915 20 30 1054 2334 4009 170 172 2992 1841 2738 56 57 73 459 590 83 86 475 92 96 97 98 235 1772 4336 119
32 7170 5 7 8 9 520 11 14 15 19 20 21 534 23 22 27 2076 28 549 3110 37 1065 6188 44 2614 55 56 57 3131 1597 574 63 62 65 69 72 74 78 84 88 609 1122 2659 2148 1132 9837 114 117 119 120 121 655 147 662 157 161 166 684 1198 175 1723 196 716 5838 720 7384 6379 235 252 1284 1287 3849 3338 785 280 1307 289 5921 4390 300 1334 325 850 342 859 869 880 6005 375 1414 432 1457 1476 459 468
33 6656 5 7 8 9 523 11 14 15 16 19 531 21 20 27 28 1023 35 37 41 554 8751 1583 2612 3639 58 61 574 63 65 69 3142 4172 82 596 96 7267 102 107 114 4724 120 5754 634 126 131 659 2196 157 158 164 176 193 197 199 204 9933 717 2274 229 749 751 1783 252 7437 4881 280 2845 2849 6946 289 301 309 2360 316 1340 4953 356 1387 377 385 1413 6539 395 409 1951 5545 1989 455 4040 3537 979 983 2521 482 3053 1528 1019 511
34 2 5 261 7 2181 137 9 11 8 267 14 1678 16 17 138 1290 21 22 1942 409 30 6431 670 929 162 1442 2595 1190 168 41 3126 54 310 5817 5181 708 6726 455 70 3527 6604 216 219 1628 1884 476 97 102 103 233 2153 749 110 1263 115 886
35 4613 5 7 8 9 519 11 14 15 19 21 23 27 28 7709 35 37 7718 5158 552 1065 44 566 55 3126 57 58 61 63 1604 69 4164 72 82 88 96 1122 2148 5221 107 114 3190 120 121 123 8315 638 131 646 138 140 148 157 158 1186 164 686 184 212 229 9957 235 1260 253 3839 8450 3332 5895 1799 7970 300 301 6962 310 316 829 2371 836 1352 331 3923 8030 7537 1917 899 388 3977 907 914 1440 1959 6059 1452 454 4551 969 476 1506 9713 6644 6137
36 0 1 2 4 6 134 12 5526 151 153 25 26 9374 2591 39 168 41 46 47 48 50 181 3638 9556 5974 475 859 503 120 377
37 516 5 7 8 9 1546 11 524 14 15 19 20 21 23 27 28 30 2592 38 41 44 45 566 1591 58 62 65 2114 69 70 583 72 78 9294 84 96 609 103 107 110 625 114 120 121 7291 126 131 135 5773 3215 145 146 1171 662 152 158 166 679 2739 184 1218 199 1227 216 2282 243 1270 5882 252 7433 1294 1300 277 6467 9542 9551 342 348 873 879 2430 4478 1408 395 909 6029 8591 914 927 2976 6051 4525 6082 1478 978 468 8660 2538 494 510
38 0 2 4 5 6 9 137 11 14 399 17 21 534 25 26 159 546 40 42 44 50 179 698 60 445 71 5447 853 1765 106 3444 507
39 2 4 5 6 646 5381 9 138 11 1804 13 12 139 2832 785 17 403 18 23 923 28 36 37 554 178 309 56 60 3644 447 2624 1218 968 457 331 1996 207 1232 79 82 83 86 1671 5225 4340 8823 122
40 2 4 5 6 3335 261 765 265 3849 397 2702 13 17 18 2327 26 29 3615 32 38 42 171 1583 52 53 60 1734 201 74 7117 83 96 1249 231 106 619 244 6388 249 509
41 4099 5 7 8 9 4618 11 14 16 19 20 21 27 28 3613 30 545 35 37 38 41 554 44 566 55 62 63 65 69 8272 82 2134 5724 9311 2147 102 619 114 117 121 2683 126 131 132 135 650 1168 145 659 148 5801 176 184 197 2759 206 2780 3807 224 231 3831 4858 762 4859 253 268 782 3884 316 321 6979 339 1877 365 372 7546 382 389 7559 404 410 1442 6565 422 940 444 9678 6616 1497 476 480 8672 484 7672
42 5 7 8 9 11 14 15 19 20 21 23 3097 27 2076 30 37 38 44 57 62 63 574 69 72 74 78 88 97 2659 612 102 103 1643 1132 625 1137 119 1656 121 9338 126 2688 131 146 148 155 164 7854 184 3768 193 708 197 198 720 224 1771 236 7918 1263 7408 1778 252 253 2816 274 2325 795 285 2848 1324 9517 815 309 1352 329 2385 1369 8549 1904 884 383 408 2976 928 1954 422 935 432 444 968 6092 8654 1491 1494 5591 4568 484 487 1001 1522 7672 1017 1019
43 256 2 5 6 7 9 11 3596 13 398 15 16 17 18 147 144 4501 406 23 38 44 55 1210 1340 189 62 319 70 1097 201 3282 212 86 87 866 6249 363 112 370 1396 1269 7414 510
44 0 1 898 2 3 6402 3849 12 13 26 925 286 32 933 300 47 48 1841 306 179 1076 59 68 80 466 2259 221 4331 120
45 5 7 8 9 11 14 15 19 531 21 4115 22 27 30 37 38 1065 41 44 61 2114 69 70 583 2120 74 78 2639 88 604 96 102 624 114 3698 120 121 2170 636 126 1152 2177 1154 135 138 140 5270 152 665 155 161 164 9382 176 183 184 199 720 211 4309 224 739 240 252 2818 5895 267 268 1292 1809 273 3863 280 1307 1310 8992 299 303 6959 309 836 329 330 333 335 850 859 867 355 6502 2425 7548 382 901 3470 7055 914 1954 426 1981 6082 455 1482 971 459 3038 1502 1000 496 2552
46 2 4 5 6 519 7 5253 13 270 142 16 17 20 21 23 24 26 411 1696 38 552 41 1455 53 54 699 187 189 61 1224 207 83 212 1502 355 4964 1125 2662 6632 635
47 0 2 4 5 6 138 11 12 397 143 1680 17 21 534 24 154 156 29 2345 41 44 47 191 73 713 715 79 467 2264 861 868 357 498 2292
48 513 5 7 8 9 4104 14 15 19 20 27 28 30 2593 35 4133 38 1534 550 45 1583 1587 55 57 58 63 4672 65 70 73 74 1612 78 1106 82 1627 6756 7279 114 120 121 1149 126 1665 139 146 148 4247 152 665 155 161 8355 164 175 178 3768 3773 5312 196 2249 720 727 5850 224 1768 745 8430 751 252 1283 285 4895 290 300 1344 4417 325 329 850 3441 370 899 8076 909 396 429 442 3514 3516 990 482 1521 510
49 257 2 5 6 7 135 390 265 11 137 8966 14 15 16 13 146 20 277 22 23 30 4127 1826 35 6692 422 8 171 3500 3499 56 3640 702 2367 196 1480 7371 83 88 216 90 348 738 361 3820 7281 370
50 0 1 128 3 4 7429 7 10 8843 12 148 23 3097 154 36 6310 39 315 59 828 1737 9175 605 9061 359 499
51 3586 5 7 8 9 519 11 14 7694 15 9234 19 21 22 23 5659 27 28 30 44 45 2613 55 58 61 63 1602 70 72 74 78 8783 82 4705 611 2148 102 117 121 3708 4606 1159 138 146 9365 665 155 1692 187 196 197 198 1224 1225 1745 725 6877 749 3824 3826 2818 2826 268 288 1826 299 1339 1343 329 4433 4946 3923 1387 371 2420 2425 5501 383 1921 1417 910 5534 5031 426 4532 2500 1989 966 977 1491 468 5603 3046 1001 1012 510
52 2 5 7 8 9 14 15 16 2577 19 20 21 23 536 27 28 30 37 38 2601 1070 1591 56 61 62 63 65 72 74 587 78 595 6228 1132 3182 1651 117 1153 4226 135 139 145 146 2721 5804 175 5299 7869 703 5313 207 211 212 5851 224 742 4844 2293 1270 3319 253 4869 782 789 7959 299 301 303 5936 309 310 1853 331 339 4947 355 1379 880 371 1401 389 901 6539 410 5555 1476 5069 485 4589 2029 4089 1017 1023
53 0 2 4 6788 6 7 265 138 12 1421 526 15 17 4371 2333 159 160 32 547 45 50 318 2497 76 79 1872 211 345 222 353 1513 493 3955 504
54 0 1 2 3 4 5 10 138 13 16 20 150 664 8871 7209 681 43 7852 54 182 1337 835 1356 76 588 472 503
55 0 1 2 3 4 133 9 9353 13 16 18 1940 22 3357 6686 33 3244 45 5170 308 2741 1972 695 1737 715 75 77 89 1502 100 615 4977 3062
56 0 1 2 3 4 261 6 5 3208 1033 18 19 277 26 28 32 33 35 551 297 3756 821 55 56 62 64 707 964 68 73 5193 2264 5337 1502 126
57 5 7 8 9 519 11 14 15 19 20 21 6169 27 28 30 1572 37 2085 38 41 44 2100 566 4152 572 62 63 2112 69 583 2120 72 74 599 88 96 102 107 117 126 139 140 145 659 7827 152 158 671 166 7337 171 176 4276 2744 187 3266 708 199 204 4301 720 211 216 1757 3299 231 243 5876 3831 249 778 1294 784 1298 797 2864 9010 6452 309 1334 2359 2869 3392 2371 6986 9548 4436 1877 346 356 884 1408 7042 3975 907 1468 4035 5605 486 496 1017
58 0 2 3 4 8 137 3082 2955 12 142 18 23 24 4255 1828 38 167 9894 179 180 1077 60 191 447 1739 79 3694 6510 499 1654 247 1912 250
59 5 7 8 9 5643 11 14 15 19 21 22 23 536 27 28 542 545 35 37 41 55 57 58 61 65 70 72 585 78 82 6238 1119 103 621 1134 114 117 121 123 125 126 2692 646 139 2187 155 671 2231 702 6335 204 1745 725 5333 726 216 5350 231 746 243 762 252 253 769 8450 1805 305 1334 343 857 873 1385 881 1412 2956 914 1429 2980 933 426 1972 1480 8138 8139 977 8146 979 494 1011 6134
60 0 4096 2 3 4 5 6 136 9 11 397 269 272 18 20 24 25 541 286 2625 1861 712 82 982 603 5985 227 868 367 240 377 893
61 256 2 4 5 6 7431 8 7 138 11 14 272 17 275 4372 20 19 4378 30 32 3617 9897 41 45 434 1077 54 56 60 4929 836 968 1103 81 1108 349 478 1123 234 112 1788
62 513 5634 2563 5 7 8 9 6668 14 15 19 20 21 27 2076 28 8739 35 37 552 2091 44 1070 56 2106 58 61 62 63 3065 65 2627 2116 69 70 72 1610 78 1106 82 5210 1122 102 107 1132 110 112 625 1651 117 120 126 135 650 139 1674 2698 138 146 148 1173 2196 152 157 158 1183 164 5295 187 4801 197 1221 716 1236 2785 739 747 240 9459 2292 2298 256 1283 5395 2841 1310 9502 3870 8480 1826 3363 301 303 2872 3913 330 332 3927 1881 348 1376 3443 4982 3970 389 404 4532 443 7624 500 4089 5626
63 0 2 3 132 6 12 141 399 143 22 24 2078 31 3359 1314 36 809 298 170 6329 7486 447 63 68 327 73 3926 2805 506
64 5 7 8 9 11 14 15 19 20 21 22 23 27 30 5150 7712 1571 37 2094 57 61 62 63 65 69 70 72 74 82 84 5205 103 1128 110 6769 114 8309 117 121 126 132 139 2700 653 9359 158 1183 161 679 1704 2218 171 7862 1721 187 1215 1737 2261 2262 1758 236 243 252 1296 785 3358 800 803 299 2859 301 7986 309 3395 325 332 1876 342 356 1894 4977 371 377 890 1408 2433 899 1420 6035 1428 1434 1958 5038 1967 1483 6092 3032 3038 1510 6126 1019 6655
65 2 387 2052 5 6 132 7 9 11 15 144 17 18 2706 20 22 3995 30 37 45 941 1073 6577 54 4791 58 60 319 65 454 3654 1863 70 72 587 335 212 86 1623 2143 993 614 235 3056 118 7287 9464 1017
66 5 7 8 9 11 524 14 15 3600 17 2579 19 21 20 23 27 28 6684 35 549 37 44 45 55 57 58 572 1597 63 65 70 74 78 82 2142 8802 611 1128 107 114 3700 117 2169 3706 1152 131 135 139 145 2198 1686 152 7325 158 2205 9888 184 187 197 2768 3284 5336 233 2282 7918 750 4336 249 252 4350 3839 4864 5902 316 325 343 355 885 375 4994 1413 909 915 1951 422 1959 426 1452 429 1967 8116 443 1981 3525 2509 482 1506 7658 6644
67 6147 5 7 8 9 7687 519 11 14 15 19 20 21 27 28 30 37 38 552 45 55 57 62 65 69 78 4178 82 2132 84 1628 2654 97 102 103 3689 7275 3692 110 114 117 119 120 637 126 131 135 139 1679 147 152 155 157 158 671 3767 183 3769 8901 3293 224 228 229 742 2791 6913 5390 3348 299 2348 1843 9017 849 342 1881 3420 1387 375 890 2431 3975 404 2478 432 3033 482 1521 503 511
68 0 1 2 3 6 12 13 14 4495 22 408 26 155 31 2720 163 40 296 5932 1583 48 1466 724 105 1899 621 883 117 5625
69 0 1 2 3 4 12 13 14 16 274 23 26 155 4124 29 40 3255 569 186 2884 1482 77 209 1107 85 3041 873 113 247
70 2 4 5 6 7 136 8 9 138 1932 13 15 16 17 18 20 21 22 41 1706 6698 429 176 2609 51 53 5942 5431 6459 60 448 196 3017 351 227 104 106 4850 374 378
71 5 7 8 9 11 15 19 21 534 22 27 28 30 2591 4131 37 549 4148 55 57 61 63 1599 1090 69 70 74 84 1629 2654 3684 612 102 103 112 114 119 2168 120 121 1151 1155 1671 647 138 139 140 8334 7315 148 663 164 5295 183 184 2238 4289 1221 1227 210 211 5850 739 228 229 8438 2304 267 4370 1298 8992 290 825 331 8019 859 355 6005 6018 387 901 404 919 2972 426 1452 7086 7600 439 443 2492 3003 968 970 2513 983 2020 4581 1522 501
72 0 2 3 4 5 8322 7303 138 12 142 15 16 147 22 1435 36 549 42 428 1206 702 66 8389 73 842 207 1495 97 2405 488 1384 111 4852 125
73 2 5 6 7 8 9 11 140 395 14 15 144 17 145 2451 20 21 22 8343 146 537 18 275 155 289 162 35 38 2726 9512 41 44 172 55 5432 2746 6462 3774 80 978 83 84 1495 5339 4572 95 97 994 609 867 231 631 5225 117 119
74 4609 5 7 8 9 11 1548 2573 14 15 19 21 23 27 28 5661 37 41 44 2612 9271 58 61 62 1089 65 69 583 72 74 78 84 103 1128 1131 107 621 110 625 120 2169 121 123 126 3199 132 4742 1161 139 148 5269 4247 152 3235 164 7337 176 1723 6848 198 199 716 1756 737 4837 6379 747 235 238 268 2316 1807 4373 280 1304 797 1321 3884 4413 321 5442 325 331 1876 346 878 1912 3455 390 395 5011 9128 940 429 5554 4021 451 1988 2526 1513 2025 5616
75 0 257 2 129 4 5 6 1671 392 13 16 17 3860 9493 6165 24 25 26 155 2460 670 35 3751 308 1204 568 1336 3646 9290 3404 335 8401 210 862 112 4725 891
76 256 897 2 1666 2948 5 6 9 138 2060 1933 270 13 15 6161 18 275 16 21 22 23 2072 409 1307 30 2082 2852 1445 2983 41 2603 7085 5681 55 951 825 187 60 63 455 72 79 7768 97 867 869 3819 115 117 9081 2044
77 513 4098 5 3591 8 9 7 11 1549 14 15 6163 19 21 3603 20 22 27 28 8733 37 1577 554 44 8241 1593 57 58 62 63 65 69 78 82 3160 6745 604 612 102 103 1638 112 114 117 123 135 647 653 148 155 161 5286 7342 183 184 197 1734 199 715 204 207 720 2258 725 5848 2265 3293 1251 229 5350 1258 236 5872 243 249 4347 776 273 8466 1300 289 299 3884 301 6961 1352 330 331 2378 342 4959 1888 356 1395 372 896 899 404 426 5582 2533 9710 501
78 2 5 7 8 9 11 14 15 16 19 21 23 27 28 30 4130 6180 37 38 2088 41 44 57 58 1597 63 2112 1601 1088 72 1096 82 6744 102 9832 1643 110 2162 114 2164 120 126 2175 131 138 7307 2190 145 1186 1702 1714 4277 193 197 211 7895 9946 737 2275 229 6376 4849 243 249 8955 252 267 1805 271 285 300 310 4421 850 365 6001 6514 1395 383 1417 2442 907 1950 3999 424 1465 961 2523 5616 1012
79 0 1 2 3 4 133 6 902 5 130 11 12 13 14 15 18 5524 23 24 280 26 32 48 55 60 63 327 968 203 5848 861 1904 244 122
80 2 5 6 7 8 137 9 11 2060 13 14 16 4241 2961 18 20 21 2836 23 24 162 5797 41 298 45 52 54 56 62 3135 968 2634 5580 3661 4942 206 83 84 1626 221 97 1262 112 496 240 118 125
81 0 2 4 6 648 9 12 14 16 2064 24 31 32 1068 179 182 1084 60 9414 334 473 89 92 6111 1635 5358 367 9584 9073 4339
82 0 1 2 3 5 6 1671 9 3338 1419 13 16 18 404 3102 160 34 35 802 42 47 180 66 9546 80 209 338 84 85 2657 869 247
83 513 2 3201 5 6 7 9 11 14 15 16 3730 147 406 23 409 28 669 35 36 37 38 3244 4273 2739 56 1080 4156 2492 446 2114 195 4804 970 1482 589 3406 79 206 84 597 469 87 96 353 3563 238 5361 119 632
84 9732 517 5 7 8 9 11 14 15 19 21 23 536 27 28 6684 545 35 3621 37 9768 45 1587 55 56 57 58 61 5182 62 65 69 3142 70 1612 78 599 88 92 1119 96 102 614 107 621 625 114 131 3203 139 140 146 1171 1689 158 2208 1702 184 4291 224 1762 229 8933 746 245 764 253 1799 778 6930 5910 800 303 309 339 2391 346 2403 871 1896 3448 5497 9081 1434 1437 3514 1985 981 985 4063 992 480 1506 995 484 1521 5108 1524
85 4609 513 2 5 4102 7 8 9 11 524 14 15 3598 1041 19 20 21 23 1048 27 28 37 2088 44 2604 55 57 61 62 1604 69 72 6729 74 1611 78 82 598 88 114 1667 1155 2692 138 139 152 1692 157 158 8860 166 679 681 687 5304 4281 187 703 1727 193 196 2757 199 207 224 236 238 7408 1809 4372 800 1324 300 3890 823 836 329 332 850 5463 2922 371 372 4985 9086 388 389 2950 909 429 983 476 1506 2533 1005 501 503 3071
86 0 2 3 4 5 8322 6 18 24 25 5788 291 166 171 1708 1197 47 689 3249 436 1078 3258 577 1107 2782 2925 367 243 895
87 0 1 385 3 2 4 6 7 904 8 138 13 781 14 18 22 151 25 28 936 43 428 433 56 583 713 4824 479 7394 103
88 0 2 3 4 5 134 13 20 29 1058 5929 555 173 179 949 1845 185 705 71 199 74 331 845 81 594 2517 8164 869 361 1263 112 1525 2295 1532
89 2 5 6 7 8 11 13 1806 15 14 17 16 19 20 3475 22 23 280 151 284 156 30 2206 35 38 41 44 45 820 56 58 2492 70 73 332 1101 79 1871 210 86 3416 857 90 2650 3938 107 110 2288 240 887 123
90 0 1 3 4 764 10 11 138 1042 23 281 156 36 46 2479 560 1074 6582 955 318 67 70 968 85 4830 98 124 511
91 4609 2 5 7 8 9 14 15 16 17 19 20 22 23 27 5659 28 30 5664 35 38 44 1070 55 57 58 61 63 65 72 585 74 4171 78 82 598 1119 96 112 114 8307 120 2685 126 131 135 138 139 655 145 663 152 1691 161 164 3244 176 2741 184 193 196 1221 199 207 211 224 2282 253 1287 1300 280 310 2871 2371 841 330 843 2905 4962 869 880 881 389 2452 410 1437 9127 426 1457 948 2492 962 455 9167 4575 4081 501 1016 3066
92 2 5 7 8 9 2572 1549 14 15 2067 19 21 6166 20 22 3097 23 27 28 30 549 37 38 1065 41 554 1073 54 57 58 62 65 69 70 583 72 585 74 73 1106 3676 7776 8801 97 112 120 121 4221 125 138 145 659 147 161 679 176 1714 9906 199 715 7373 206 5329 210 735 3299 8948 7924 252 253 255 268 2840 290 7977 299 815 1334 2360 316 2371 1862 2385 346 355 356 881 903 907 408 1434 1958 1456 9138 442 971
93 0 1 2 772 5 2694 7 267 13 270 16 3221 30 39 44 47 7092 4171 206 213 470 2271 2401 99 2408 490 1515 1011
94 5633 2 515 5 4103 8 7 9 11 14 15 16 19 20 21 22 27 28 30 37 3121 56 57 58 61 62 63 574 69 2631 2120 73 2639 84 599 5725 1124 107 619 110 114 1661 126 8835 135 1679 1168 148 158 161 164 166 680 2216 686 184 2744 703 199 206 720 725 731 224 737 7392 1771 1270 249 252 1790 2816 1287 1812 800 1313 290 299 2359 316 5442 330 7003 348 6502 2923 365 375 382 1408 393 1930 915 404 2985 948 9652 957 6593 451 7635 468 983 3053
95 129 2 257 4 5 6 2052 641 9 138 779 908 13 140 144 7313 16 402 24 152 155 36 1956 38 554 173 54 4157 8518 968 5196 589 79 102 3175 1257 106 3946 2413 2670
96 384 6656 2 4611 5 6 391 517 9 11 13 14 15 17 18 20 279 23 2585 30 162 38 5034 170 45 5175 56 4025 1465 1469 62 70 2886 1862 198 78 79 2512 593 1361 1495 476 96 225 4834 102 2152 1001 114 123 126 255
97 5760 2 258 387 5 6 4 1032 7 900 11 12 13 17 18 20 22 1816 24 6045 56 185 60 191 65 5954 7495 73 210 1106 2133 87 868 4841 106 363 7791 1273 122 123
98 6656 641 2 644 6405 6 7 5 902 138 11 13 142 654 1166 17 18 20 8088 1688 409 27 3097 670 417 35 38 41 42 425 172 692 2873 833 4952 473 218 7258 227 2152 7913
99 0 1 2 515 4 6407 9 12 526 14 25 30 1954 163 8614 49 312 190 447 67 708 714 81 9043 854 1245 486 5481 234 891
